<?xml version="1.0" encoding="UTF-8"?>
<!-- Generated by org.testng.reporters.JUnitXMLReporter -->
<testsuite ignored="0" hostname="Losuinda" failures="1" tests="2" name="chrometest" time="8.806" errors="0" timestamp="2024-09-10T13:32:06 CEST">
  <testcase classname="testcases.TC001_AccountRegisterTest" name="verifyHomePage" time="0.635"/>
  <testcase classname="testcases.TC001_AccountRegisterTest" name="verifyRegister" time="0.016">
    <failure type="java.lang.AssertionError" message="null">
      <![CDATA[java.lang.AssertionError: null
at testcases.TC001_AccountRegisterTest.verifyRegister(TC001_AccountRegisterTest.java:49)
at java.base/java.util.ArrayList.forEach(ArrayList.java:1597)
at java.base/java.util.concurrent.FutureTask.run(FutureTask.java:317)
at java.base/java.util.concurrent.ThreadPoolExecutor.runWorker(ThreadPoolExecutor.java:1144)
at java.base/java.util.concurrent.ThreadPoolExecutor$Worker.run(ThreadPoolExecutor.java:642)
at java.base/java.lang.Thread.run(Thread.java:1570)
... Removed 17 stack frames]]>
    </failure>
  </testcase> <!-- verifyRegister -->
</testsuite> <!-- chrometest -->
