<?xml version="1.0" encoding="UTF-8"?>
<!-- Generated by org.testng.reporters.JUnitXMLReporter -->
<testsuite ignored="0" hostname="Losuinda" failures="1" tests="1" name="chrometest(failed)" time="39.365" errors="0" timestamp="2024-09-05T12:54:52 CEST">
  <testcase classname="testcases.TC002_LoginTest" name="clickLogin" time="31.062">
    <failure type="java.lang.AssertionError" message="null">
      <![CDATA[java.lang.AssertionError: null
at testcases.TC002_LoginTest.clickLogin(TC002_LoginTest.java:36)
at java.base/java.util.ArrayList.forEach(ArrayList.java:1597)
... Removed 27 stack frames]]>
    </failure>
  </testcase> <!-- clickLogin -->
</testsuite> <!-- chrometest(failed) -->
