<?xml version="1.0" encoding="UTF-8"?>
<testng-results ignored="0" total="2" passed="1" failed="1" skipped="0">
  <reporter-output>
  </reporter-output>
  <suite started-at="2024-09-10T13:31:56 CEST" name="Suite" finished-at="2024-09-10T13:32:05 CEST" duration-ms="8806">
    <groups>
      <group name="Master">
        <method signature="TC001_AccountRegisterTest.verifyHomePage()[pri:1, instance:testcases.TC001_AccountRegisterTest@28cda624]" name="verifyHomePage" class="testcases.TC001_AccountRegisterTest"/>
        <method signature="TC001_AccountRegisterTest.verifyRegister()[pri:2, instance:testcases.TC001_AccountRegisterTest@28cda624]" name="verifyRegister" class="testcases.TC001_AccountRegisterTest"/>
      </group> <!-- Master -->
      <group name="Regresstion">
        <method signature="TC001_AccountRegisterTest.verifyHomePage()[pri:1, instance:testcases.TC001_AccountRegisterTest@28cda624]" name="verifyHomePage" class="testcases.TC001_AccountRegisterTest"/>
        <method signature="TC001_AccountRegisterTest.verifyRegister()[pri:2, instance:testcases.TC001_AccountRegisterTest@28cda624]" name="verifyRegister" class="testcases.TC001_AccountRegisterTest"/>
      </group> <!-- Regresstion -->
    </groups>
    <test started-at="2024-09-10T13:31:56 CEST" name="chrometest" finished-at="2024-09-10T13:32:05 CEST" duration-ms="8806">
      <class name="testcases.TC001_AccountRegisterTest">
        <test-method is-config="true" signature="setup(java.lang.String)[pri:0, instance:testcases.TC001_AccountRegisterTest@28cda624]" started-at="2024-09-10T13:31:56 CEST" name="setup" finished-at="2024-09-10T13:32:03 CEST" duration-ms="6943" status="PASS">
          <params>
            <param index="0">
              <value>
                <![CDATA[chrome]]>
              </value>
            </param>
          </params>
          <reporter-output>
          </reporter-output>
        </test-method> <!-- setup -->
        <test-method signature="verifyHomePage()[pri:1, instance:testcases.TC001_AccountRegisterTest@28cda624]" started-at="2024-09-10T13:32:03 CEST" name="verifyHomePage" finished-at="2024-09-10T13:32:04 CEST" duration-ms="635" status="PASS">
          <reporter-output>
          </reporter-output>
        </test-method> <!-- verifyHomePage -->
        <test-method is-config="true" signature="tearDown()[pri:0, instance:testcases.TC001_AccountRegisterTest@28cda624]" started-at="2024-09-10T13:32:04 CEST" name="tearDown" finished-at="2024-09-10T13:32:05 CEST" duration-ms="790" status="PASS">
          <reporter-output>
          </reporter-output>
        </test-method> <!-- tearDown -->
        <test-method signature="verifyRegister()[pri:2, instance:testcases.TC001_AccountRegisterTest@28cda624]" started-at="2024-09-10T13:32:05 CEST" name="verifyRegister" finished-at="2024-09-10T13:32:05 CEST" duration-ms="16" status="FAIL">
          <exception class="java.lang.AssertionError">
            <message>
              <![CDATA[null]]>
            </message>
            <full-stacktrace>
              <![CDATA[java.lang.AssertionError: null
at org.testng.Assert.fail(Assert.java:111)
at org.testng.Assert.fail(Assert.java:116)
at testcases.TC001_AccountRegisterTest.verifyRegister(TC001_AccountRegisterTest.java:49)
at java.base/jdk.internal.reflect.DirectMethodHandleAccessor.invoke(DirectMethodHandleAccessor.java:103)
at java.base/java.lang.reflect.Method.invoke(Method.java:580)
at org.testng.internal.invokers.MethodInvocationHelper.invokeMethod(MethodInvocationHelper.java:141)
at org.testng.internal.invokers.TestInvoker.invokeMethod(TestInvoker.java:686)
at org.testng.internal.invokers.TestInvoker.invokeTestMethod(TestInvoker.java:230)
at org.testng.internal.invokers.MethodRunner.runInSequence(MethodRunner.java:63)
at org.testng.internal.invokers.TestInvoker$MethodInvocationAgent.invoke(TestInvoker.java:992)
at org.testng.internal.invokers.TestInvoker.invokeTestMethods(TestInvoker.java:203)
at org.testng.internal.invokers.TestMethodWorker.invokeTestMethods(TestMethodWorker.java:154)
at org.testng.internal.invokers.TestMethodWorker.run(TestMethodWorker.java:134)
at java.base/java.util.ArrayList.forEach(ArrayList.java:1597)
at org.testng.TestRunner.privateRun(TestRunner.java:739)
at org.testng.TestRunner.run(TestRunner.java:614)
at org.testng.SuiteRunner.runTest(SuiteRunner.java:421)
at org.testng.SuiteRunner$SuiteWorker.run(SuiteRunner.java:463)
at org.testng.internal.thread.ThreadUtil.lambda$execute$0(ThreadUtil.java:64)
at java.base/java.util.concurrent.FutureTask.run(FutureTask.java:317)
at java.base/java.util.concurrent.ThreadPoolExecutor.runWorker(ThreadPoolExecutor.java:1144)
at java.base/java.util.concurrent.ThreadPoolExecutor$Worker.run(ThreadPoolExecutor.java:642)
at java.base/java.lang.Thread.run(Thread.java:1570)
]]>
            </full-stacktrace>
          </exception> <!-- java.lang.AssertionError -->
          <reporter-output>
          </reporter-output>
        </test-method> <!-- verifyRegister -->
        <test-method is-config="true" signature="tearDown()[pri:0, instance:testcases.TC001_AccountRegisterTest@28cda624]" started-at="2024-09-10T13:32:05 CEST" name="tearDown" finished-at="2024-09-10T13:32:05 CEST" duration-ms="22" status="PASS">
          <reporter-output>
          </reporter-output>
        </test-method> <!-- tearDown -->
        <test-method is-config="true" signature="tearDown()[pri:0, instance:testcases.TC001_AccountRegisterTest@28cda624]" started-at="2024-09-10T13:32:05 CEST" name="tearDown" finished-at="2024-09-10T13:32:05 CEST" duration-ms="14" status="PASS">
          <reporter-output>
          </reporter-output>
        </test-method> <!-- tearDown -->
      </class> <!-- testcases.TC001_AccountRegisterTest -->
    </test> <!-- chrometest -->
  </suite> <!-- Suite -->
</testng-results>
